<?xml version="1.0" encoding="UTF-8"?>
<!-- Generated by org.testng.reporters.JUnitReportReporter -->
<testsuite skipped="0" hostname="114934-T480" name="testngproject.TestNGDockerSelenium" tests="2" failures="0" timestamp="06 Feb 2019 16:31:00 GMT" time="11.512" errors="0">
  <testcase name="testParallel" time="6.565" classname="testngproject.TestNGDockerSelenium"/>
  <testcase name="testParallel" time="4.947" classname="testngproject.TestNGDockerSelenium"/>
</testsuite> <!-- testngproject.TestNGDockerSelenium -->
