<?xml version="1.0" encoding="UTF-8"?>
<!-- Generated by org.testng.reporters.JUnitReportReporter -->
<testsuite hostname="114934-T480" name="tests.SeleniumDockerTest" tests="2" failures="0" timestamp="6 Feb 2019 16:06:03 GMT" time="9.378" errors="0">
  <testcase name="main" time="4.660" classname="tests.SeleniumDockerTest"/>
  <testcase name="main" time="4.718" classname="tests.SeleniumDockerTest"/>
</testsuite> <!-- tests.SeleniumDockerTest -->
