<?xml version="1.0" encoding="UTF-8"?>
<!-- Generated by org.testng.reporters.JUnitReportReporter -->
<testsuite hostname="114934-T480" name="SeleniumDockerTest" tests="1" failures="0" timestamp="6 Feb 2019 16:04:42 GMT" time="4.504" errors="0">
  <testcase name="main" time="4.504" classname="SeleniumDockerTest"/>
</testsuite> <!-- SeleniumDockerTest -->
